30.03.2024 18-40-41 INFO "GET /sign/login/?next=/ HTTP/1.1" 200 2947 C:\Users\Splas\PycharmProjects\pythonProject12\NewsPortal\venv\Lib\site-packages\django\core\servers\basehttp.py None
30.03.2024 18-40-41 INFO "GET /sign/login/?next=/ HTTP/1.1" 200 2947 C:\Users\Splas\PycharmProjects\pythonProject12\NewsPortal\venv\Lib\site-packages\django\core\servers\basehttp.py None
12.04.2024 11-07-05 ERROR Internal Server Error: /accounts/signup/ C:\Users\Splas\PycharmProjects\pythonProject12\NewsPortal\venv\Lib\site-packages\django\utils\log.py (<class 'django.contrib.auth.models.Group.DoesNotExist'>, DoesNotExist('Group matching query does not exist.'), <traceback object at 0x000001CB99159380>)
Traceback (most recent call last):
  File "C:\Users\Splas\PycharmProjects\pythonProject12\NewsPortal\venv\Lib\site-packages\django\core\handlers\exception.py", line 55, in inner
    response = get_response(request)
               ^^^^^^^^^^^^^^^^^^^^^
  File "C:\Users\Splas\PycharmProjects\pythonProject12\NewsPortal\venv\Lib\site-packages\django\core\handlers\base.py", line 197, in _get_response
    response = wrapped_callback(request, *callback_args, **callback_kwargs)
               ^^^^^^^^^^^^^^^^^^^^^^^^^^^^^^^^^^^^^^^^^^^^^^^^^^^^^^^^^^^^
  File "C:\Users\Splas\PycharmProjects\pythonProject12\NewsPortal\venv\Lib\site-packages\django\views\generic\base.py", line 104, in view
    return self.dispatch(request, *args, **kwargs)
           ^^^^^^^^^^^^^^^^^^^^^^^^^^^^^^^^^^^^^^^
  File "C:\Users\Splas\PycharmProjects\pythonProject12\NewsPortal\venv\Lib\site-packages\django\utils\decorators.py", line 48, in _wrapper
    return bound_method(*args, **kwargs)
           ^^^^^^^^^^^^^^^^^^^^^^^^^^^^^
  File "C:\Users\Splas\PycharmProjects\pythonProject12\NewsPortal\venv\Lib\site-packages\allauth\decorators.py", line 12, in wrap
    resp = function(request, *args, **kwargs)
           ^^^^^^^^^^^^^^^^^^^^^^^^^^^^^^^^^^
  File "C:\Users\Splas\PycharmProjects\pythonProject12\NewsPortal\venv\Lib\site-packages\django\utils\decorators.py", line 48, in _wrapper
    return bound_method(*args, **kwargs)
           ^^^^^^^^^^^^^^^^^^^^^^^^^^^^^
  File "C:\Users\Splas\PycharmProjects\pythonProject12\NewsPortal\venv\Lib\site-packages\django\views\decorators\debug.py", line 141, in sensitive_post_parameters_wrapper
    return view(request, *args, **kwargs)
           ^^^^^^^^^^^^^^^^^^^^^^^^^^^^^^
  File "C:\Users\Splas\PycharmProjects\pythonProject12\NewsPortal\venv\Lib\site-packages\django\utils\decorators.py", line 48, in _wrapper
    return bound_method(*args, **kwargs)
           ^^^^^^^^^^^^^^^^^^^^^^^^^^^^^
  File "C:\Users\Splas\PycharmProjects\pythonProject12\NewsPortal\venv\Lib\site-packages\django\views\decorators\cache.py", line 80, in _view_wrapper
    response = view_func(request, *args, **kwargs)
               ^^^^^^^^^^^^^^^^^^^^^^^^^^^^^^^^^^^
  File "C:\Users\Splas\PycharmProjects\pythonProject12\NewsPortal\venv\Lib\site-packages\allauth\account\views.py", line 255, in dispatch
    return super(SignupView, self).dispatch(request, *args, **kwargs)
           ^^^^^^^^^^^^^^^^^^^^^^^^^^^^^^^^^^^^^^^^^^^^^^^^^^^^^^^^^^
  File "C:\Users\Splas\PycharmProjects\pythonProject12\NewsPortal\venv\Lib\site-packages\allauth\account\views.py", line 95, in dispatch
    response = super(RedirectAuthenticatedUserMixin, self).dispatch(
               ^^^^^^^^^^^^^^^^^^^^^^^^^^^^^^^^^^^^^^^^^^^^^^^^^^^^^
  File "C:\Users\Splas\PycharmProjects\pythonProject12\NewsPortal\venv\Lib\site-packages\allauth\account\views.py", line 227, in dispatch
    return super(CloseableSignupMixin, self).dispatch(request, *args, **kwargs)
           ^^^^^^^^^^^^^^^^^^^^^^^^^^^^^^^^^^^^^^^^^^^^^^^^^^^^^^^^^^^^^^^^^^^^
  File "C:\Users\Splas\PycharmProjects\pythonProject12\NewsPortal\venv\Lib\site-packages\django\views\generic\base.py", line 143, in dispatch
    return handler(request, *args, **kwargs)
           ^^^^^^^^^^^^^^^^^^^^^^^^^^^^^^^^^
  File "C:\Users\Splas\PycharmProjects\pythonProject12\NewsPortal\venv\Lib\site-packages\allauth\account\views.py", line 123, in post
    response = self.form_valid(form)
               ^^^^^^^^^^^^^^^^^^^^^
  File "C:\Users\Splas\PycharmProjects\pythonProject12\NewsPortal\venv\Lib\site-packages\allauth\account\views.py", line 269, in form_valid
    self.user, resp = form.try_save(self.request)
                      ^^^^^^^^^^^^^^^^^^^^^^^^^^^
  File "C:\Users\Splas\PycharmProjects\pythonProject12\NewsPortal\venv\Lib\site-packages\allauth\account\forms.py", line 403, in try_save
    user = self.save(request)
           ^^^^^^^^^^^^^^^^^^
  File "C:\Users\Splas\PycharmProjects\pythonProject12\NewsPortal\sign\models.py", line 41, in save
    common_group = Group.objects.get(name='common')
                   ^^^^^^^^^^^^^^^^^^^^^^^^^^^^^^^^
  File "C:\Users\Splas\PycharmProjects\pythonProject12\NewsPortal\venv\Lib\site-packages\django\db\models\manager.py", line 87, in manager_method
    return getattr(self.get_queryset(), name)(*args, **kwargs)
           ^^^^^^^^^^^^^^^^^^^^^^^^^^^^^^^^^^^^^^^^^^^^^^^^^^^
  File "C:\Users\Splas\PycharmProjects\pythonProject12\NewsPortal\venv\Lib\site-packages\django\db\models\query.py", line 647, in get
    raise self.model.DoesNotExist(
django.contrib.auth.models.Group.DoesNotExist: Group matching query does not exist.
12.04.2024 11-07-05 ERROR "POST /accounts/signup/ HTTP/1.1" 500 151117 C:\Users\Splas\PycharmProjects\pythonProject12\NewsPortal\venv\Lib\site-packages\django\core\servers\basehttp.py None
15.04.2024 14-31-49 ERROR Internal Server Error: /home/ C:\Users\Splas\PycharmProjects\pythonProject12\NewsPortal\venv\Lib\site-packages\django\utils\log.py (<class 'django.template.exceptions.TemplateDoesNotExist'>, TemplateDoesNotExist('index.html'), <traceback object at 0x000002B6B5E87CC0>)
Traceback (most recent call last):
  File "C:\Users\Splas\PycharmProjects\pythonProject12\NewsPortal\venv\Lib\site-packages\django\core\handlers\exception.py", line 55, in inner
    response = get_response(request)
               ^^^^^^^^^^^^^^^^^^^^^
  File "C:\Users\Splas\PycharmProjects\pythonProject12\NewsPortal\venv\Lib\site-packages\django\core\handlers\base.py", line 197, in _get_response
    response = wrapped_callback(request, *callback_args, **callback_kwargs)
               ^^^^^^^^^^^^^^^^^^^^^^^^^^^^^^^^^^^^^^^^^^^^^^^^^^^^^^^^^^^^
  File "C:\Users\Splas\PycharmProjects\pythonProject12\NewsPortal\venv\Lib\site-packages\django\views\generic\base.py", line 104, in view
    return self.dispatch(request, *args, **kwargs)
           ^^^^^^^^^^^^^^^^^^^^^^^^^^^^^^^^^^^^^^^
  File "C:\Users\Splas\PycharmProjects\pythonProject12\NewsPortal\venv\Lib\site-packages\django\views\generic\base.py", line 143, in dispatch
    return handler(request, *args, **kwargs)
           ^^^^^^^^^^^^^^^^^^^^^^^^^^^^^^^^^
  File "C:\Users\Splas\PycharmProjects\pythonProject12\NewsPortal\news\views.py", line 31, in get
    return HttpResponse(render(request, 'index.html', context))
                        ^^^^^^^^^^^^^^^^^^^^^^^^^^^^^^^^^^^^^^
  File "C:\Users\Splas\PycharmProjects\pythonProject12\NewsPortal\venv\Lib\site-packages\django\shortcuts.py", line 24, in render
    content = loader.render_to_string(template_name, context, request, using=using)
              ^^^^^^^^^^^^^^^^^^^^^^^^^^^^^^^^^^^^^^^^^^^^^^^^^^^^^^^^^^^^^^^^^^^^^
  File "C:\Users\Splas\PycharmProjects\pythonProject12\NewsPortal\venv\Lib\site-packages\django\template\loader.py", line 61, in render_to_string
    template = get_template(template_name, using=using)
               ^^^^^^^^^^^^^^^^^^^^^^^^^^^^^^^^^^^^^^^^
  File "C:\Users\Splas\PycharmProjects\pythonProject12\NewsPortal\venv\Lib\site-packages\django\template\loader.py", line 19, in get_template
    raise TemplateDoesNotExist(template_name, chain=chain)
django.template.exceptions.TemplateDoesNotExist: index.html
15.04.2024 14-31-49 ERROR "GET /home/ HTTP/1.1" 500 102273 C:\Users\Splas\PycharmProjects\pythonProject12\NewsPortal\venv\Lib\site-packages\django\core\servers\basehttp.py None
15.04.2024 14-32-01 ERROR Internal Server Error: /home/ C:\Users\Splas\PycharmProjects\pythonProject12\NewsPortal\venv\Lib\site-packages\django\utils\log.py (<class 'django.template.exceptions.TemplateDoesNotExist'>, TemplateDoesNotExist('index.html'), <traceback object at 0x000002B6B609DC80>)
Traceback (most recent call last):
  File "C:\Users\Splas\PycharmProjects\pythonProject12\NewsPortal\venv\Lib\site-packages\django\core\handlers\exception.py", line 55, in inner
    response = get_response(request)
               ^^^^^^^^^^^^^^^^^^^^^
  File "C:\Users\Splas\PycharmProjects\pythonProject12\NewsPortal\venv\Lib\site-packages\django\core\handlers\base.py", line 197, in _get_response
    response = wrapped_callback(request, *callback_args, **callback_kwargs)
               ^^^^^^^^^^^^^^^^^^^^^^^^^^^^^^^^^^^^^^^^^^^^^^^^^^^^^^^^^^^^
  File "C:\Users\Splas\PycharmProjects\pythonProject12\NewsPortal\venv\Lib\site-packages\django\views\generic\base.py", line 104, in view
    return self.dispatch(request, *args, **kwargs)
           ^^^^^^^^^^^^^^^^^^^^^^^^^^^^^^^^^^^^^^^
  File "C:\Users\Splas\PycharmProjects\pythonProject12\NewsPortal\venv\Lib\site-packages\django\views\generic\base.py", line 143, in dispatch
    return handler(request, *args, **kwargs)
           ^^^^^^^^^^^^^^^^^^^^^^^^^^^^^^^^^
  File "C:\Users\Splas\PycharmProjects\pythonProject12\NewsPortal\news\views.py", line 31, in get
    return HttpResponse(render(request, 'index.html', context))
                        ^^^^^^^^^^^^^^^^^^^^^^^^^^^^^^^^^^^^^^
  File "C:\Users\Splas\PycharmProjects\pythonProject12\NewsPortal\venv\Lib\site-packages\django\shortcuts.py", line 24, in render
    content = loader.render_to_string(template_name, context, request, using=using)
              ^^^^^^^^^^^^^^^^^^^^^^^^^^^^^^^^^^^^^^^^^^^^^^^^^^^^^^^^^^^^^^^^^^^^^
  File "C:\Users\Splas\PycharmProjects\pythonProject12\NewsPortal\venv\Lib\site-packages\django\template\loader.py", line 61, in render_to_string
    template = get_template(template_name, using=using)
               ^^^^^^^^^^^^^^^^^^^^^^^^^^^^^^^^^^^^^^^^
  File "C:\Users\Splas\PycharmProjects\pythonProject12\NewsPortal\venv\Lib\site-packages\django\template\loader.py", line 19, in get_template
    raise TemplateDoesNotExist(template_name, chain=chain)
django.template.exceptions.TemplateDoesNotExist: index.html
15.04.2024 14-32-01 ERROR "GET /home/ HTTP/1.1" 500 102410 C:\Users\Splas\PycharmProjects\pythonProject12\NewsPortal\venv\Lib\site-packages\django\core\servers\basehttp.py None
15.04.2024 14-32-01 ERROR Internal Server Error: /home/ C:\Users\Splas\PycharmProjects\pythonProject12\NewsPortal\venv\Lib\site-packages\django\utils\log.py (<class 'django.template.exceptions.TemplateDoesNotExist'>, TemplateDoesNotExist('index.html'), <traceback object at 0x000002B6B5DF6700>)
Traceback (most recent call last):
  File "C:\Users\Splas\PycharmProjects\pythonProject12\NewsPortal\venv\Lib\site-packages\django\core\handlers\exception.py", line 55, in inner
    response = get_response(request)
               ^^^^^^^^^^^^^^^^^^^^^
  File "C:\Users\Splas\PycharmProjects\pythonProject12\NewsPortal\venv\Lib\site-packages\django\core\handlers\base.py", line 197, in _get_response
    response = wrapped_callback(request, *callback_args, **callback_kwargs)
               ^^^^^^^^^^^^^^^^^^^^^^^^^^^^^^^^^^^^^^^^^^^^^^^^^^^^^^^^^^^^
  File "C:\Users\Splas\PycharmProjects\pythonProject12\NewsPortal\venv\Lib\site-packages\django\views\generic\base.py", line 104, in view
    return self.dispatch(request, *args, **kwargs)
           ^^^^^^^^^^^^^^^^^^^^^^^^^^^^^^^^^^^^^^^
  File "C:\Users\Splas\PycharmProjects\pythonProject12\NewsPortal\venv\Lib\site-packages\django\views\generic\base.py", line 143, in dispatch
    return handler(request, *args, **kwargs)
           ^^^^^^^^^^^^^^^^^^^^^^^^^^^^^^^^^
  File "C:\Users\Splas\PycharmProjects\pythonProject12\NewsPortal\news\views.py", line 31, in get
    return HttpResponse(render(request, 'index.html', context))
                        ^^^^^^^^^^^^^^^^^^^^^^^^^^^^^^^^^^^^^^
  File "C:\Users\Splas\PycharmProjects\pythonProject12\NewsPortal\venv\Lib\site-packages\django\shortcuts.py", line 24, in render
    content = loader.render_to_string(template_name, context, request, using=using)
              ^^^^^^^^^^^^^^^^^^^^^^^^^^^^^^^^^^^^^^^^^^^^^^^^^^^^^^^^^^^^^^^^^^^^^
  File "C:\Users\Splas\PycharmProjects\pythonProject12\NewsPortal\venv\Lib\site-packages\django\template\loader.py", line 61, in render_to_string
    template = get_template(template_name, using=using)
               ^^^^^^^^^^^^^^^^^^^^^^^^^^^^^^^^^^^^^^^^
  File "C:\Users\Splas\PycharmProjects\pythonProject12\NewsPortal\venv\Lib\site-packages\django\template\loader.py", line 19, in get_template
    raise TemplateDoesNotExist(template_name, chain=chain)
django.template.exceptions.TemplateDoesNotExist: index.html
15.04.2024 14-32-01 ERROR "GET /home/ HTTP/1.1" 500 102410 C:\Users\Splas\PycharmProjects\pythonProject12\NewsPortal\venv\Lib\site-packages\django\core\servers\basehttp.py None
15.04.2024 14-32-01 ERROR Internal Server Error: /home/ C:\Users\Splas\PycharmProjects\pythonProject12\NewsPortal\venv\Lib\site-packages\django\utils\log.py (<class 'django.template.exceptions.TemplateDoesNotExist'>, TemplateDoesNotExist('index.html'), <traceback object at 0x000002B6B5EA3E40>)
Traceback (most recent call last):
  File "C:\Users\Splas\PycharmProjects\pythonProject12\NewsPortal\venv\Lib\site-packages\django\core\handlers\exception.py", line 55, in inner
    response = get_response(request)
               ^^^^^^^^^^^^^^^^^^^^^
  File "C:\Users\Splas\PycharmProjects\pythonProject12\NewsPortal\venv\Lib\site-packages\django\core\handlers\base.py", line 197, in _get_response
    response = wrapped_callback(request, *callback_args, **callback_kwargs)
               ^^^^^^^^^^^^^^^^^^^^^^^^^^^^^^^^^^^^^^^^^^^^^^^^^^^^^^^^^^^^
  File "C:\Users\Splas\PycharmProjects\pythonProject12\NewsPortal\venv\Lib\site-packages\django\views\generic\base.py", line 104, in view
    return self.dispatch(request, *args, **kwargs)
           ^^^^^^^^^^^^^^^^^^^^^^^^^^^^^^^^^^^^^^^
  File "C:\Users\Splas\PycharmProjects\pythonProject12\NewsPortal\venv\Lib\site-packages\django\views\generic\base.py", line 143, in dispatch
    return handler(request, *args, **kwargs)
           ^^^^^^^^^^^^^^^^^^^^^^^^^^^^^^^^^
  File "C:\Users\Splas\PycharmProjects\pythonProject12\NewsPortal\news\views.py", line 31, in get
    return HttpResponse(render(request, 'index.html', context))
                        ^^^^^^^^^^^^^^^^^^^^^^^^^^^^^^^^^^^^^^
  File "C:\Users\Splas\PycharmProjects\pythonProject12\NewsPortal\venv\Lib\site-packages\django\shortcuts.py", line 24, in render
    content = loader.render_to_string(template_name, context, request, using=using)
              ^^^^^^^^^^^^^^^^^^^^^^^^^^^^^^^^^^^^^^^^^^^^^^^^^^^^^^^^^^^^^^^^^^^^^
  File "C:\Users\Splas\PycharmProjects\pythonProject12\NewsPortal\venv\Lib\site-packages\django\template\loader.py", line 61, in render_to_string
    template = get_template(template_name, using=using)
               ^^^^^^^^^^^^^^^^^^^^^^^^^^^^^^^^^^^^^^^^
  File "C:\Users\Splas\PycharmProjects\pythonProject12\NewsPortal\venv\Lib\site-packages\django\template\loader.py", line 19, in get_template
    raise TemplateDoesNotExist(template_name, chain=chain)
django.template.exceptions.TemplateDoesNotExist: index.html
15.04.2024 14-32-01 ERROR "GET /home/ HTTP/1.1" 500 102410 C:\Users\Splas\PycharmProjects\pythonProject12\NewsPortal\venv\Lib\site-packages\django\core\servers\basehttp.py None
15.04.2024 14-32-02 ERROR Internal Server Error: /home/ C:\Users\Splas\PycharmProjects\pythonProject12\NewsPortal\venv\Lib\site-packages\django\utils\log.py (<class 'django.template.exceptions.TemplateDoesNotExist'>, TemplateDoesNotExist('index.html'), <traceback object at 0x000002B6B5CD2900>)
Traceback (most recent call last):
  File "C:\Users\Splas\PycharmProjects\pythonProject12\NewsPortal\venv\Lib\site-packages\django\core\handlers\exception.py", line 55, in inner
    response = get_response(request)
               ^^^^^^^^^^^^^^^^^^^^^
  File "C:\Users\Splas\PycharmProjects\pythonProject12\NewsPortal\venv\Lib\site-packages\django\core\handlers\base.py", line 197, in _get_response
    response = wrapped_callback(request, *callback_args, **callback_kwargs)
               ^^^^^^^^^^^^^^^^^^^^^^^^^^^^^^^^^^^^^^^^^^^^^^^^^^^^^^^^^^^^
  File "C:\Users\Splas\PycharmProjects\pythonProject12\NewsPortal\venv\Lib\site-packages\django\views\generic\base.py", line 104, in view
    return self.dispatch(request, *args, **kwargs)
           ^^^^^^^^^^^^^^^^^^^^^^^^^^^^^^^^^^^^^^^
  File "C:\Users\Splas\PycharmProjects\pythonProject12\NewsPortal\venv\Lib\site-packages\django\views\generic\base.py", line 143, in dispatch
    return handler(request, *args, **kwargs)
           ^^^^^^^^^^^^^^^^^^^^^^^^^^^^^^^^^
  File "C:\Users\Splas\PycharmProjects\pythonProject12\NewsPortal\news\views.py", line 31, in get
    return HttpResponse(render(request, 'index.html', context))
                        ^^^^^^^^^^^^^^^^^^^^^^^^^^^^^^^^^^^^^^
  File "C:\Users\Splas\PycharmProjects\pythonProject12\NewsPortal\venv\Lib\site-packages\django\shortcuts.py", line 24, in render
    content = loader.render_to_string(template_name, context, request, using=using)
              ^^^^^^^^^^^^^^^^^^^^^^^^^^^^^^^^^^^^^^^^^^^^^^^^^^^^^^^^^^^^^^^^^^^^^
  File "C:\Users\Splas\PycharmProjects\pythonProject12\NewsPortal\venv\Lib\site-packages\django\template\loader.py", line 61, in render_to_string
    template = get_template(template_name, using=using)
               ^^^^^^^^^^^^^^^^^^^^^^^^^^^^^^^^^^^^^^^^
  File "C:\Users\Splas\PycharmProjects\pythonProject12\NewsPortal\venv\Lib\site-packages\django\template\loader.py", line 19, in get_template
    raise TemplateDoesNotExist(template_name, chain=chain)
django.template.exceptions.TemplateDoesNotExist: index.html
15.04.2024 14-32-02 ERROR "GET /home/ HTTP/1.1" 500 102410 C:\Users\Splas\PycharmProjects\pythonProject12\NewsPortal\venv\Lib\site-packages\django\core\servers\basehttp.py None
15.04.2024 17-26-58 ERROR Internal Server Error: /home/news/search/ C:\Users\Splas\PycharmProjects\pythonProject12\NewsPortal\venv\Lib\site-packages\django\utils\log.py (<class 'django.template.exceptions.TemplateSyntaxError'>, TemplateSyntaxError("Invalid block tag on line 9: 'trans', expected 'endblock'. Did you forget to register or load this tag?"), <traceback object at 0x0000017AE0B22A00>)
Traceback (most recent call last):
  File "C:\Users\Splas\PycharmProjects\pythonProject12\NewsPortal\venv\Lib\site-packages\django\template\base.py", line 502, in parse
    compile_func = self.tags[command]
                   ~~~~~~~~~^^^^^^^^^
KeyError: 'trans'

During handling of the above exception, another exception occurred:

Traceback (most recent call last):
  File "C:\Users\Splas\PycharmProjects\pythonProject12\NewsPortal\venv\Lib\site-packages\django\core\handlers\exception.py", line 55, in inner
    response = get_response(request)
               ^^^^^^^^^^^^^^^^^^^^^
  File "C:\Users\Splas\PycharmProjects\pythonProject12\NewsPortal\venv\Lib\site-packages\django\core\handlers\base.py", line 220, in _get_response
    response = response.render()
               ^^^^^^^^^^^^^^^^^
  File "C:\Users\Splas\PycharmProjects\pythonProject12\NewsPortal\venv\Lib\site-packages\django\template\response.py", line 114, in render
    self.content = self.rendered_content
                   ^^^^^^^^^^^^^^^^^^^^^
  File "C:\Users\Splas\PycharmProjects\pythonProject12\NewsPortal\venv\Lib\site-packages\django\template\response.py", line 90, in rendered_content
    template = self.resolve_template(self.template_name)
               ^^^^^^^^^^^^^^^^^^^^^^^^^^^^^^^^^^^^^^^^^
  File "C:\Users\Splas\PycharmProjects\pythonProject12\NewsPortal\venv\Lib\site-packages\django\template\response.py", line 72, in resolve_template
    return select_template(template, using=self.using)
           ^^^^^^^^^^^^^^^^^^^^^^^^^^^^^^^^^^^^^^^^^^^
  File "C:\Users\Splas\PycharmProjects\pythonProject12\NewsPortal\venv\Lib\site-packages\django\template\loader.py", line 42, in select_template
    return engine.get_template(template_name)
           ^^^^^^^^^^^^^^^^^^^^^^^^^^^^^^^^^^
  File "C:\Users\Splas\PycharmProjects\pythonProject12\NewsPortal\venv\Lib\site-packages\django\template\backends\django.py", line 33, in get_template
    return Template(self.engine.get_template(template_name), self)
                    ^^^^^^^^^^^^^^^^^^^^^^^^^^^^^^^^^^^^^^^
  File "C:\Users\Splas\PycharmProjects\pythonProject12\NewsPortal\venv\Lib\site-packages\django\template\engine.py", line 175, in get_template
    template, origin = self.find_template(template_name)
                       ^^^^^^^^^^^^^^^^^^^^^^^^^^^^^^^^^
  File "C:\Users\Splas\PycharmProjects\pythonProject12\NewsPortal\venv\Lib\site-packages\django\template\engine.py", line 157, in find_template
    template = loader.get_template(name, skip=skip)
               ^^^^^^^^^^^^^^^^^^^^^^^^^^^^^^^^^^^^
  File "C:\Users\Splas\PycharmProjects\pythonProject12\NewsPortal\venv\Lib\site-packages\django\template\loaders\cached.py", line 57, in get_template
    template = super().get_template(template_name, skip)
               ^^^^^^^^^^^^^^^^^^^^^^^^^^^^^^^^^^^^^^^^^
  File "C:\Users\Splas\PycharmProjects\pythonProject12\NewsPortal\venv\Lib\site-packages\django\template\loaders\base.py", line 28, in get_template
    return Template(
           ^^^^^^^^^
  File "C:\Users\Splas\PycharmProjects\pythonProject12\NewsPortal\venv\Lib\site-packages\django\template\base.py", line 154, in __init__
    self.nodelist = self.compile_nodelist()
                    ^^^^^^^^^^^^^^^^^^^^^^^
  File "C:\Users\Splas\PycharmProjects\pythonProject12\NewsPortal\venv\Lib\site-packages\django\template\base.py", line 196, in compile_nodelist
    return parser.parse()
           ^^^^^^^^^^^^^^
  File "C:\Users\Splas\PycharmProjects\pythonProject12\NewsPortal\venv\Lib\site-packages\django\template\base.py", line 510, in parse
    raise self.error(token, e)
  File "C:\Users\Splas\PycharmProjects\pythonProject12\NewsPortal\venv\Lib\site-packages\django\template\base.py", line 508, in parse
    compiled_result = compile_func(self, token)
                      ^^^^^^^^^^^^^^^^^^^^^^^^^
  File "C:\Users\Splas\PycharmProjects\pythonProject12\NewsPortal\venv\Lib\site-packages\django\template\loader_tags.py", line 295, in do_extends
    nodelist = parser.parse()
               ^^^^^^^^^^^^^^
  File "C:\Users\Splas\PycharmProjects\pythonProject12\NewsPortal\venv\Lib\site-packages\django\template\base.py", line 510, in parse
    raise self.error(token, e)
  File "C:\Users\Splas\PycharmProjects\pythonProject12\NewsPortal\venv\Lib\site-packages\django\template\base.py", line 508, in parse
    compiled_result = compile_func(self, token)
                      ^^^^^^^^^^^^^^^^^^^^^^^^^
  File "C:\Users\Splas\PycharmProjects\pythonProject12\NewsPortal\venv\Lib\site-packages\django\template\loader_tags.py", line 234, in do_block
    nodelist = parser.parse(("endblock",))
               ^^^^^^^^^^^^^^^^^^^^^^^^^^^
  File "C:\Users\Splas\PycharmProjects\pythonProject12\NewsPortal\venv\Lib\site-packages\django\template\base.py", line 504, in parse
    self.invalid_block_tag(token, command, parse_until)
  File "C:\Users\Splas\PycharmProjects\pythonProject12\NewsPortal\venv\Lib\site-packages\django\template\base.py", line 555, in invalid_block_tag
    raise self.error(
django.template.exceptions.TemplateSyntaxError: Invalid block tag on line 9: 'trans', expected 'endblock'. Did you forget to register or load this tag?
15.04.2024 17-26-58 ERROR "GET /home/news/search/ HTTP/1.1" 500 216039 C:\Users\Splas\PycharmProjects\pythonProject12\NewsPortal\venv\Lib\site-packages\django\core\servers\basehttp.py None
15.04.2024 17-28-01 ERROR Internal Server Error: /home/news/search/ C:\Users\Splas\PycharmProjects\pythonProject12\NewsPortal\venv\Lib\site-packages\django\utils\log.py (<class 'django.template.exceptions.TemplateSyntaxError'>, TemplateSyntaxError("Invalid block tag on line 9: 'trans', expected 'endblock'. Did you forget to register or load this tag?"), <traceback object at 0x0000017AE09E2380>)
Traceback (most recent call last):
  File "C:\Users\Splas\PycharmProjects\pythonProject12\NewsPortal\venv\Lib\site-packages\django\template\base.py", line 502, in parse
    compile_func = self.tags[command]
                   ~~~~~~~~~^^^^^^^^^
KeyError: 'trans'

During handling of the above exception, another exception occurred:

Traceback (most recent call last):
  File "C:\Users\Splas\PycharmProjects\pythonProject12\NewsPortal\venv\Lib\site-packages\django\core\handlers\exception.py", line 55, in inner
    response = get_response(request)
               ^^^^^^^^^^^^^^^^^^^^^
  File "C:\Users\Splas\PycharmProjects\pythonProject12\NewsPortal\venv\Lib\site-packages\django\core\handlers\base.py", line 220, in _get_response
    response = response.render()
               ^^^^^^^^^^^^^^^^^
  File "C:\Users\Splas\PycharmProjects\pythonProject12\NewsPortal\venv\Lib\site-packages\django\template\response.py", line 114, in render
    self.content = self.rendered_content
                   ^^^^^^^^^^^^^^^^^^^^^
  File "C:\Users\Splas\PycharmProjects\pythonProject12\NewsPortal\venv\Lib\site-packages\django\template\response.py", line 90, in rendered_content
    template = self.resolve_template(self.template_name)
               ^^^^^^^^^^^^^^^^^^^^^^^^^^^^^^^^^^^^^^^^^
  File "C:\Users\Splas\PycharmProjects\pythonProject12\NewsPortal\venv\Lib\site-packages\django\template\response.py", line 72, in resolve_template
    return select_template(template, using=self.using)
           ^^^^^^^^^^^^^^^^^^^^^^^^^^^^^^^^^^^^^^^^^^^
  File "C:\Users\Splas\PycharmProjects\pythonProject12\NewsPortal\venv\Lib\site-packages\django\template\loader.py", line 42, in select_template
    return engine.get_template(template_name)
           ^^^^^^^^^^^^^^^^^^^^^^^^^^^^^^^^^^
  File "C:\Users\Splas\PycharmProjects\pythonProject12\NewsPortal\venv\Lib\site-packages\django\template\backends\django.py", line 33, in get_template
    return Template(self.engine.get_template(template_name), self)
                    ^^^^^^^^^^^^^^^^^^^^^^^^^^^^^^^^^^^^^^^
  File "C:\Users\Splas\PycharmProjects\pythonProject12\NewsPortal\venv\Lib\site-packages\django\template\engine.py", line 175, in get_template
    template, origin = self.find_template(template_name)
                       ^^^^^^^^^^^^^^^^^^^^^^^^^^^^^^^^^
  File "C:\Users\Splas\PycharmProjects\pythonProject12\NewsPortal\venv\Lib\site-packages\django\template\engine.py", line 157, in find_template
    template = loader.get_template(name, skip=skip)
               ^^^^^^^^^^^^^^^^^^^^^^^^^^^^^^^^^^^^
  File "C:\Users\Splas\PycharmProjects\pythonProject12\NewsPortal\venv\Lib\site-packages\django\template\loaders\cached.py", line 57, in get_template
    template = super().get_template(template_name, skip)
               ^^^^^^^^^^^^^^^^^^^^^^^^^^^^^^^^^^^^^^^^^
  File "C:\Users\Splas\PycharmProjects\pythonProject12\NewsPortal\venv\Lib\site-packages\django\template\loaders\base.py", line 28, in get_template
    return Template(
           ^^^^^^^^^
  File "C:\Users\Splas\PycharmProjects\pythonProject12\NewsPortal\venv\Lib\site-packages\django\template\base.py", line 154, in __init__
    self.nodelist = self.compile_nodelist()
                    ^^^^^^^^^^^^^^^^^^^^^^^
  File "C:\Users\Splas\PycharmProjects\pythonProject12\NewsPortal\venv\Lib\site-packages\django\template\base.py", line 196, in compile_nodelist
    return parser.parse()
           ^^^^^^^^^^^^^^
  File "C:\Users\Splas\PycharmProjects\pythonProject12\NewsPortal\venv\Lib\site-packages\django\template\base.py", line 510, in parse
    raise self.error(token, e)
  File "C:\Users\Splas\PycharmProjects\pythonProject12\NewsPortal\venv\Lib\site-packages\django\template\base.py", line 508, in parse
    compiled_result = compile_func(self, token)
                      ^^^^^^^^^^^^^^^^^^^^^^^^^
  File "C:\Users\Splas\PycharmProjects\pythonProject12\NewsPortal\venv\Lib\site-packages\django\template\loader_tags.py", line 295, in do_extends
    nodelist = parser.parse()
               ^^^^^^^^^^^^^^
  File "C:\Users\Splas\PycharmProjects\pythonProject12\NewsPortal\venv\Lib\site-packages\django\template\base.py", line 510, in parse
    raise self.error(token, e)
  File "C:\Users\Splas\PycharmProjects\pythonProject12\NewsPortal\venv\Lib\site-packages\django\template\base.py", line 508, in parse
    compiled_result = compile_func(self, token)
                      ^^^^^^^^^^^^^^^^^^^^^^^^^
  File "C:\Users\Splas\PycharmProjects\pythonProject12\NewsPortal\venv\Lib\site-packages\django\template\loader_tags.py", line 234, in do_block
    nodelist = parser.parse(("endblock",))
               ^^^^^^^^^^^^^^^^^^^^^^^^^^^
  File "C:\Users\Splas\PycharmProjects\pythonProject12\NewsPortal\venv\Lib\site-packages\django\template\base.py", line 504, in parse
    self.invalid_block_tag(token, command, parse_until)
  File "C:\Users\Splas\PycharmProjects\pythonProject12\NewsPortal\venv\Lib\site-packages\django\template\base.py", line 555, in invalid_block_tag
    raise self.error(
django.template.exceptions.TemplateSyntaxError: Invalid block tag on line 9: 'trans', expected 'endblock'. Did you forget to register or load this tag?
15.04.2024 17-28-01 ERROR "GET /home/news/search/ HTTP/1.1" 500 216035 C:\Users\Splas\PycharmProjects\pythonProject12\NewsPortal\venv\Lib\site-packages\django\core\servers\basehttp.py None
15.04.2024 17-28-02 ERROR Internal Server Error: /home/news/search/ C:\Users\Splas\PycharmProjects\pythonProject12\NewsPortal\venv\Lib\site-packages\django\utils\log.py (<class 'django.template.exceptions.TemplateSyntaxError'>, TemplateSyntaxError("Invalid block tag on line 9: 'trans', expected 'endblock'. Did you forget to register or load this tag?"), <traceback object at 0x0000017AE0B21F40>)
Traceback (most recent call last):
  File "C:\Users\Splas\PycharmProjects\pythonProject12\NewsPortal\venv\Lib\site-packages\django\template\base.py", line 502, in parse
    compile_func = self.tags[command]
                   ~~~~~~~~~^^^^^^^^^
KeyError: 'trans'

During handling of the above exception, another exception occurred:

Traceback (most recent call last):
  File "C:\Users\Splas\PycharmProjects\pythonProject12\NewsPortal\venv\Lib\site-packages\django\core\handlers\exception.py", line 55, in inner
    response = get_response(request)
               ^^^^^^^^^^^^^^^^^^^^^
  File "C:\Users\Splas\PycharmProjects\pythonProject12\NewsPortal\venv\Lib\site-packages\django\core\handlers\base.py", line 220, in _get_response
    response = response.render()
               ^^^^^^^^^^^^^^^^^
  File "C:\Users\Splas\PycharmProjects\pythonProject12\NewsPortal\venv\Lib\site-packages\django\template\response.py", line 114, in render
    self.content = self.rendered_content
                   ^^^^^^^^^^^^^^^^^^^^^
  File "C:\Users\Splas\PycharmProjects\pythonProject12\NewsPortal\venv\Lib\site-packages\django\template\response.py", line 90, in rendered_content
    template = self.resolve_template(self.template_name)
               ^^^^^^^^^^^^^^^^^^^^^^^^^^^^^^^^^^^^^^^^^
  File "C:\Users\Splas\PycharmProjects\pythonProject12\NewsPortal\venv\Lib\site-packages\django\template\response.py", line 72, in resolve_template
    return select_template(template, using=self.using)
           ^^^^^^^^^^^^^^^^^^^^^^^^^^^^^^^^^^^^^^^^^^^
  File "C:\Users\Splas\PycharmProjects\pythonProject12\NewsPortal\venv\Lib\site-packages\django\template\loader.py", line 42, in select_template
    return engine.get_template(template_name)
           ^^^^^^^^^^^^^^^^^^^^^^^^^^^^^^^^^^
  File "C:\Users\Splas\PycharmProjects\pythonProject12\NewsPortal\venv\Lib\site-packages\django\template\backends\django.py", line 33, in get_template
    return Template(self.engine.get_template(template_name), self)
                    ^^^^^^^^^^^^^^^^^^^^^^^^^^^^^^^^^^^^^^^
  File "C:\Users\Splas\PycharmProjects\pythonProject12\NewsPortal\venv\Lib\site-packages\django\template\engine.py", line 175, in get_template
    template, origin = self.find_template(template_name)
                       ^^^^^^^^^^^^^^^^^^^^^^^^^^^^^^^^^
  File "C:\Users\Splas\PycharmProjects\pythonProject12\NewsPortal\venv\Lib\site-packages\django\template\engine.py", line 157, in find_template
    template = loader.get_template(name, skip=skip)
               ^^^^^^^^^^^^^^^^^^^^^^^^^^^^^^^^^^^^
  File "C:\Users\Splas\PycharmProjects\pythonProject12\NewsPortal\venv\Lib\site-packages\django\template\loaders\cached.py", line 57, in get_template
    template = super().get_template(template_name, skip)
               ^^^^^^^^^^^^^^^^^^^^^^^^^^^^^^^^^^^^^^^^^
  File "C:\Users\Splas\PycharmProjects\pythonProject12\NewsPortal\venv\Lib\site-packages\django\template\loaders\base.py", line 28, in get_template
    return Template(
           ^^^^^^^^^
  File "C:\Users\Splas\PycharmProjects\pythonProject12\NewsPortal\venv\Lib\site-packages\django\template\base.py", line 154, in __init__
    self.nodelist = self.compile_nodelist()
                    ^^^^^^^^^^^^^^^^^^^^^^^
  File "C:\Users\Splas\PycharmProjects\pythonProject12\NewsPortal\venv\Lib\site-packages\django\template\base.py", line 196, in compile_nodelist
    return parser.parse()
           ^^^^^^^^^^^^^^
  File "C:\Users\Splas\PycharmProjects\pythonProject12\NewsPortal\venv\Lib\site-packages\django\template\base.py", line 510, in parse
    raise self.error(token, e)
  File "C:\Users\Splas\PycharmProjects\pythonProject12\NewsPortal\venv\Lib\site-packages\django\template\base.py", line 508, in parse
    compiled_result = compile_func(self, token)
                      ^^^^^^^^^^^^^^^^^^^^^^^^^
  File "C:\Users\Splas\PycharmProjects\pythonProject12\NewsPortal\venv\Lib\site-packages\django\template\loader_tags.py", line 295, in do_extends
    nodelist = parser.parse()
               ^^^^^^^^^^^^^^
  File "C:\Users\Splas\PycharmProjects\pythonProject12\NewsPortal\venv\Lib\site-packages\django\template\base.py", line 510, in parse
    raise self.error(token, e)
  File "C:\Users\Splas\PycharmProjects\pythonProject12\NewsPortal\venv\Lib\site-packages\django\template\base.py", line 508, in parse
    compiled_result = compile_func(self, token)
                      ^^^^^^^^^^^^^^^^^^^^^^^^^
  File "C:\Users\Splas\PycharmProjects\pythonProject12\NewsPortal\venv\Lib\site-packages\django\template\loader_tags.py", line 234, in do_block
    nodelist = parser.parse(("endblock",))
               ^^^^^^^^^^^^^^^^^^^^^^^^^^^
  File "C:\Users\Splas\PycharmProjects\pythonProject12\NewsPortal\venv\Lib\site-packages\django\template\base.py", line 504, in parse
    self.invalid_block_tag(token, command, parse_until)
  File "C:\Users\Splas\PycharmProjects\pythonProject12\NewsPortal\venv\Lib\site-packages\django\template\base.py", line 555, in invalid_block_tag
    raise self.error(
django.template.exceptions.TemplateSyntaxError: Invalid block tag on line 9: 'trans', expected 'endblock'. Did you forget to register or load this tag?
15.04.2024 17-28-02 ERROR "GET /home/news/search/ HTTP/1.1" 500 216035 C:\Users\Splas\PycharmProjects\pythonProject12\NewsPortal\venv\Lib\site-packages\django\core\servers\basehttp.py None
15.04.2024 17-28-45 ERROR Internal Server Error: /home/news/search/ C:\Users\Splas\PycharmProjects\pythonProject12\NewsPortal\venv\Lib\site-packages\django\utils\log.py (<class 'django.template.exceptions.TemplateSyntaxError'>, TemplateSyntaxError("Invalid block tag on line 9: 'trans', expected 'endblock'. Did you forget to register or load this tag?"), <traceback object at 0x000001F8F4232CC0>)
Traceback (most recent call last):
  File "C:\Users\Splas\PycharmProjects\pythonProject12\NewsPortal\venv\Lib\site-packages\django\template\base.py", line 502, in parse
    compile_func = self.tags[command]
                   ~~~~~~~~~^^^^^^^^^
KeyError: 'trans'

During handling of the above exception, another exception occurred:

Traceback (most recent call last):
  File "C:\Users\Splas\PycharmProjects\pythonProject12\NewsPortal\venv\Lib\site-packages\django\core\handlers\exception.py", line 55, in inner
    response = get_response(request)
               ^^^^^^^^^^^^^^^^^^^^^
  File "C:\Users\Splas\PycharmProjects\pythonProject12\NewsPortal\venv\Lib\site-packages\django\core\handlers\base.py", line 220, in _get_response
    response = response.render()
               ^^^^^^^^^^^^^^^^^
  File "C:\Users\Splas\PycharmProjects\pythonProject12\NewsPortal\venv\Lib\site-packages\django\template\response.py", line 114, in render
    self.content = self.rendered_content
                   ^^^^^^^^^^^^^^^^^^^^^
  File "C:\Users\Splas\PycharmProjects\pythonProject12\NewsPortal\venv\Lib\site-packages\django\template\response.py", line 90, in rendered_content
    template = self.resolve_template(self.template_name)
               ^^^^^^^^^^^^^^^^^^^^^^^^^^^^^^^^^^^^^^^^^
  File "C:\Users\Splas\PycharmProjects\pythonProject12\NewsPortal\venv\Lib\site-packages\django\template\response.py", line 72, in resolve_template
    return select_template(template, using=self.using)
           ^^^^^^^^^^^^^^^^^^^^^^^^^^^^^^^^^^^^^^^^^^^
  File "C:\Users\Splas\PycharmProjects\pythonProject12\NewsPortal\venv\Lib\site-packages\django\template\loader.py", line 42, in select_template
    return engine.get_template(template_name)
           ^^^^^^^^^^^^^^^^^^^^^^^^^^^^^^^^^^
  File "C:\Users\Splas\PycharmProjects\pythonProject12\NewsPortal\venv\Lib\site-packages\django\template\backends\django.py", line 33, in get_template
    return Template(self.engine.get_template(template_name), self)
                    ^^^^^^^^^^^^^^^^^^^^^^^^^^^^^^^^^^^^^^^
  File "C:\Users\Splas\PycharmProjects\pythonProject12\NewsPortal\venv\Lib\site-packages\django\template\engine.py", line 175, in get_template
    template, origin = self.find_template(template_name)
                       ^^^^^^^^^^^^^^^^^^^^^^^^^^^^^^^^^
  File "C:\Users\Splas\PycharmProjects\pythonProject12\NewsPortal\venv\Lib\site-packages\django\template\engine.py", line 157, in find_template
    template = loader.get_template(name, skip=skip)
               ^^^^^^^^^^^^^^^^^^^^^^^^^^^^^^^^^^^^
  File "C:\Users\Splas\PycharmProjects\pythonProject12\NewsPortal\venv\Lib\site-packages\django\template\loaders\cached.py", line 57, in get_template
    template = super().get_template(template_name, skip)
               ^^^^^^^^^^^^^^^^^^^^^^^^^^^^^^^^^^^^^^^^^
  File "C:\Users\Splas\PycharmProjects\pythonProject12\NewsPortal\venv\Lib\site-packages\django\template\loaders\base.py", line 28, in get_template
    return Template(
           ^^^^^^^^^
  File "C:\Users\Splas\PycharmProjects\pythonProject12\NewsPortal\venv\Lib\site-packages\django\template\base.py", line 154, in __init__
    self.nodelist = self.compile_nodelist()
                    ^^^^^^^^^^^^^^^^^^^^^^^
  File "C:\Users\Splas\PycharmProjects\pythonProject12\NewsPortal\venv\Lib\site-packages\django\template\base.py", line 196, in compile_nodelist
    return parser.parse()
           ^^^^^^^^^^^^^^
  File "C:\Users\Splas\PycharmProjects\pythonProject12\NewsPortal\venv\Lib\site-packages\django\template\base.py", line 510, in parse
    raise self.error(token, e)
  File "C:\Users\Splas\PycharmProjects\pythonProject12\NewsPortal\venv\Lib\site-packages\django\template\base.py", line 508, in parse
    compiled_result = compile_func(self, token)
                      ^^^^^^^^^^^^^^^^^^^^^^^^^
  File "C:\Users\Splas\PycharmProjects\pythonProject12\NewsPortal\venv\Lib\site-packages\django\template\loader_tags.py", line 295, in do_extends
    nodelist = parser.parse()
               ^^^^^^^^^^^^^^
  File "C:\Users\Splas\PycharmProjects\pythonProject12\NewsPortal\venv\Lib\site-packages\django\template\base.py", line 510, in parse
    raise self.error(token, e)
  File "C:\Users\Splas\PycharmProjects\pythonProject12\NewsPortal\venv\Lib\site-packages\django\template\base.py", line 508, in parse
    compiled_result = compile_func(self, token)
                      ^^^^^^^^^^^^^^^^^^^^^^^^^
  File "C:\Users\Splas\PycharmProjects\pythonProject12\NewsPortal\venv\Lib\site-packages\django\template\loader_tags.py", line 234, in do_block
    nodelist = parser.parse(("endblock",))
               ^^^^^^^^^^^^^^^^^^^^^^^^^^^
  File "C:\Users\Splas\PycharmProjects\pythonProject12\NewsPortal\venv\Lib\site-packages\django\template\base.py", line 504, in parse
    self.invalid_block_tag(token, command, parse_until)
  File "C:\Users\Splas\PycharmProjects\pythonProject12\NewsPortal\venv\Lib\site-packages\django\template\base.py", line 555, in invalid_block_tag
    raise self.error(
django.template.exceptions.TemplateSyntaxError: Invalid block tag on line 9: 'trans', expected 'endblock'. Did you forget to register or load this tag?
15.04.2024 17-28-45 ERROR "GET /home/news/search/ HTTP/1.1" 500 216035 C:\Users\Splas\PycharmProjects\pythonProject12\NewsPortal\venv\Lib\site-packages\django\core\servers\basehttp.py None
15.04.2024 17-28-49 ERROR Internal Server Error: /home/news/search/ C:\Users\Splas\PycharmProjects\pythonProject12\NewsPortal\venv\Lib\site-packages\django\utils\log.py (<class 'django.template.exceptions.TemplateSyntaxError'>, TemplateSyntaxError("Invalid block tag on line 9: 'trans', expected 'endblock'. Did you forget to register or load this tag?"), <traceback object at 0x000001F8F43ECA00>)
Traceback (most recent call last):
  File "C:\Users\Splas\PycharmProjects\pythonProject12\NewsPortal\venv\Lib\site-packages\django\template\base.py", line 502, in parse
    compile_func = self.tags[command]
                   ~~~~~~~~~^^^^^^^^^
KeyError: 'trans'

During handling of the above exception, another exception occurred:

Traceback (most recent call last):
  File "C:\Users\Splas\PycharmProjects\pythonProject12\NewsPortal\venv\Lib\site-packages\django\core\handlers\exception.py", line 55, in inner
    response = get_response(request)
               ^^^^^^^^^^^^^^^^^^^^^
  File "C:\Users\Splas\PycharmProjects\pythonProject12\NewsPortal\venv\Lib\site-packages\django\core\handlers\base.py", line 220, in _get_response
    response = response.render()
               ^^^^^^^^^^^^^^^^^
  File "C:\Users\Splas\PycharmProjects\pythonProject12\NewsPortal\venv\Lib\site-packages\django\template\response.py", line 114, in render
    self.content = self.rendered_content
                   ^^^^^^^^^^^^^^^^^^^^^
  File "C:\Users\Splas\PycharmProjects\pythonProject12\NewsPortal\venv\Lib\site-packages\django\template\response.py", line 90, in rendered_content
    template = self.resolve_template(self.template_name)
               ^^^^^^^^^^^^^^^^^^^^^^^^^^^^^^^^^^^^^^^^^
  File "C:\Users\Splas\PycharmProjects\pythonProject12\NewsPortal\venv\Lib\site-packages\django\template\response.py", line 72, in resolve_template
    return select_template(template, using=self.using)
           ^^^^^^^^^^^^^^^^^^^^^^^^^^^^^^^^^^^^^^^^^^^
  File "C:\Users\Splas\PycharmProjects\pythonProject12\NewsPortal\venv\Lib\site-packages\django\template\loader.py", line 42, in select_template
    return engine.get_template(template_name)
           ^^^^^^^^^^^^^^^^^^^^^^^^^^^^^^^^^^
  File "C:\Users\Splas\PycharmProjects\pythonProject12\NewsPortal\venv\Lib\site-packages\django\template\backends\django.py", line 33, in get_template
    return Template(self.engine.get_template(template_name), self)
                    ^^^^^^^^^^^^^^^^^^^^^^^^^^^^^^^^^^^^^^^
  File "C:\Users\Splas\PycharmProjects\pythonProject12\NewsPortal\venv\Lib\site-packages\django\template\engine.py", line 175, in get_template
    template, origin = self.find_template(template_name)
                       ^^^^^^^^^^^^^^^^^^^^^^^^^^^^^^^^^
  File "C:\Users\Splas\PycharmProjects\pythonProject12\NewsPortal\venv\Lib\site-packages\django\template\engine.py", line 157, in find_template
    template = loader.get_template(name, skip=skip)
               ^^^^^^^^^^^^^^^^^^^^^^^^^^^^^^^^^^^^
  File "C:\Users\Splas\PycharmProjects\pythonProject12\NewsPortal\venv\Lib\site-packages\django\template\loaders\cached.py", line 57, in get_template
    template = super().get_template(template_name, skip)
               ^^^^^^^^^^^^^^^^^^^^^^^^^^^^^^^^^^^^^^^^^
  File "C:\Users\Splas\PycharmProjects\pythonProject12\NewsPortal\venv\Lib\site-packages\django\template\loaders\base.py", line 28, in get_template
    return Template(
           ^^^^^^^^^
  File "C:\Users\Splas\PycharmProjects\pythonProject12\NewsPortal\venv\Lib\site-packages\django\template\base.py", line 154, in __init__
    self.nodelist = self.compile_nodelist()
                    ^^^^^^^^^^^^^^^^^^^^^^^
  File "C:\Users\Splas\PycharmProjects\pythonProject12\NewsPortal\venv\Lib\site-packages\django\template\base.py", line 196, in compile_nodelist
    return parser.parse()
           ^^^^^^^^^^^^^^
  File "C:\Users\Splas\PycharmProjects\pythonProject12\NewsPortal\venv\Lib\site-packages\django\template\base.py", line 510, in parse
    raise self.error(token, e)
  File "C:\Users\Splas\PycharmProjects\pythonProject12\NewsPortal\venv\Lib\site-packages\django\template\base.py", line 508, in parse
    compiled_result = compile_func(self, token)
                      ^^^^^^^^^^^^^^^^^^^^^^^^^
  File "C:\Users\Splas\PycharmProjects\pythonProject12\NewsPortal\venv\Lib\site-packages\django\template\loader_tags.py", line 295, in do_extends
    nodelist = parser.parse()
               ^^^^^^^^^^^^^^
  File "C:\Users\Splas\PycharmProjects\pythonProject12\NewsPortal\venv\Lib\site-packages\django\template\base.py", line 510, in parse
    raise self.error(token, e)
  File "C:\Users\Splas\PycharmProjects\pythonProject12\NewsPortal\venv\Lib\site-packages\django\template\base.py", line 508, in parse
    compiled_result = compile_func(self, token)
                      ^^^^^^^^^^^^^^^^^^^^^^^^^
  File "C:\Users\Splas\PycharmProjects\pythonProject12\NewsPortal\venv\Lib\site-packages\django\template\loader_tags.py", line 234, in do_block
    nodelist = parser.parse(("endblock",))
               ^^^^^^^^^^^^^^^^^^^^^^^^^^^
  File "C:\Users\Splas\PycharmProjects\pythonProject12\NewsPortal\venv\Lib\site-packages\django\template\base.py", line 504, in parse
    self.invalid_block_tag(token, command, parse_until)
  File "C:\Users\Splas\PycharmProjects\pythonProject12\NewsPortal\venv\Lib\site-packages\django\template\base.py", line 555, in invalid_block_tag
    raise self.error(
django.template.exceptions.TemplateSyntaxError: Invalid block tag on line 9: 'trans', expected 'endblock'. Did you forget to register or load this tag?
15.04.2024 17-28-49 ERROR "GET /home/news/search/ HTTP/1.1" 500 215898 C:\Users\Splas\PycharmProjects\pythonProject12\NewsPortal\venv\Lib\site-packages\django\core\servers\basehttp.py None
15.04.2024 17-32-15 ERROR Internal Server Error: /home/news/search/ C:\Users\Splas\PycharmProjects\pythonProject12\NewsPortal\venv\Lib\site-packages\django\utils\log.py (<class 'django.template.exceptions.TemplateSyntaxError'>, TemplateSyntaxError("Invalid block tag on line 21: 'trans', expected 'elif', 'else' or 'endif'. Did you forget to register or load this tag?"), <traceback object at 0x00000183A0C66B80>)
Traceback (most recent call last):
  File "C:\Users\Splas\PycharmProjects\pythonProject12\NewsPortal\venv\Lib\site-packages\django\template\base.py", line 502, in parse
    compile_func = self.tags[command]
                   ~~~~~~~~~^^^^^^^^^
KeyError: 'trans'

During handling of the above exception, another exception occurred:

Traceback (most recent call last):
  File "C:\Users\Splas\PycharmProjects\pythonProject12\NewsPortal\venv\Lib\site-packages\django\core\handlers\exception.py", line 55, in inner
    response = get_response(request)
               ^^^^^^^^^^^^^^^^^^^^^
  File "C:\Users\Splas\PycharmProjects\pythonProject12\NewsPortal\venv\Lib\site-packages\django\core\handlers\base.py", line 220, in _get_response
    response = response.render()
               ^^^^^^^^^^^^^^^^^
  File "C:\Users\Splas\PycharmProjects\pythonProject12\NewsPortal\venv\Lib\site-packages\django\template\response.py", line 114, in render
    self.content = self.rendered_content
                   ^^^^^^^^^^^^^^^^^^^^^
  File "C:\Users\Splas\PycharmProjects\pythonProject12\NewsPortal\venv\Lib\site-packages\django\template\response.py", line 90, in rendered_content
    template = self.resolve_template(self.template_name)
               ^^^^^^^^^^^^^^^^^^^^^^^^^^^^^^^^^^^^^^^^^
  File "C:\Users\Splas\PycharmProjects\pythonProject12\NewsPortal\venv\Lib\site-packages\django\template\response.py", line 72, in resolve_template
    return select_template(template, using=self.using)
           ^^^^^^^^^^^^^^^^^^^^^^^^^^^^^^^^^^^^^^^^^^^
  File "C:\Users\Splas\PycharmProjects\pythonProject12\NewsPortal\venv\Lib\site-packages\django\template\loader.py", line 42, in select_template
    return engine.get_template(template_name)
           ^^^^^^^^^^^^^^^^^^^^^^^^^^^^^^^^^^
  File "C:\Users\Splas\PycharmProjects\pythonProject12\NewsPortal\venv\Lib\site-packages\django\template\backends\django.py", line 33, in get_template
    return Template(self.engine.get_template(template_name), self)
                    ^^^^^^^^^^^^^^^^^^^^^^^^^^^^^^^^^^^^^^^
  File "C:\Users\Splas\PycharmProjects\pythonProject12\NewsPortal\venv\Lib\site-packages\django\template\engine.py", line 175, in get_template
    template, origin = self.find_template(template_name)
                       ^^^^^^^^^^^^^^^^^^^^^^^^^^^^^^^^^
  File "C:\Users\Splas\PycharmProjects\pythonProject12\NewsPortal\venv\Lib\site-packages\django\template\engine.py", line 157, in find_template
    template = loader.get_template(name, skip=skip)
               ^^^^^^^^^^^^^^^^^^^^^^^^^^^^^^^^^^^^
  File "C:\Users\Splas\PycharmProjects\pythonProject12\NewsPortal\venv\Lib\site-packages\django\template\loaders\cached.py", line 57, in get_template
    template = super().get_template(template_name, skip)
               ^^^^^^^^^^^^^^^^^^^^^^^^^^^^^^^^^^^^^^^^^
  File "C:\Users\Splas\PycharmProjects\pythonProject12\NewsPortal\venv\Lib\site-packages\django\template\loaders\base.py", line 28, in get_template
    return Template(
           ^^^^^^^^^
  File "C:\Users\Splas\PycharmProjects\pythonProject12\NewsPortal\venv\Lib\site-packages\django\template\base.py", line 154, in __init__
    self.nodelist = self.compile_nodelist()
                    ^^^^^^^^^^^^^^^^^^^^^^^
  File "C:\Users\Splas\PycharmProjects\pythonProject12\NewsPortal\venv\Lib\site-packages\django\template\base.py", line 196, in compile_nodelist
    return parser.parse()
           ^^^^^^^^^^^^^^
  File "C:\Users\Splas\PycharmProjects\pythonProject12\NewsPortal\venv\Lib\site-packages\django\template\base.py", line 510, in parse
    raise self.error(token, e)
  File "C:\Users\Splas\PycharmProjects\pythonProject12\NewsPortal\venv\Lib\site-packages\django\template\base.py", line 508, in parse
    compiled_result = compile_func(self, token)
                      ^^^^^^^^^^^^^^^^^^^^^^^^^
  File "C:\Users\Splas\PycharmProjects\pythonProject12\NewsPortal\venv\Lib\site-packages\django\template\loader_tags.py", line 295, in do_extends
    nodelist = parser.parse()
               ^^^^^^^^^^^^^^
  File "C:\Users\Splas\PycharmProjects\pythonProject12\NewsPortal\venv\Lib\site-packages\django\template\base.py", line 510, in parse
    raise self.error(token, e)
  File "C:\Users\Splas\PycharmProjects\pythonProject12\NewsPortal\venv\Lib\site-packages\django\template\base.py", line 508, in parse
    compiled_result = compile_func(self, token)
                      ^^^^^^^^^^^^^^^^^^^^^^^^^
  File "C:\Users\Splas\PycharmProjects\pythonProject12\NewsPortal\venv\Lib\site-packages\django\template\loader_tags.py", line 234, in do_block
    nodelist = parser.parse(("endblock",))
               ^^^^^^^^^^^^^^^^^^^^^^^^^^^
  File "C:\Users\Splas\PycharmProjects\pythonProject12\NewsPortal\venv\Lib\site-packages\django\template\base.py", line 510, in parse
    raise self.error(token, e)
  File "C:\Users\Splas\PycharmProjects\pythonProject12\NewsPortal\venv\Lib\site-packages\django\template\base.py", line 508, in parse
    compiled_result = compile_func(self, token)
                      ^^^^^^^^^^^^^^^^^^^^^^^^^
  File "C:\Users\Splas\PycharmProjects\pythonProject12\NewsPortal\venv\Lib\site-packages\django\template\defaulttags.py", line 960, in do_if
    nodelist = parser.parse(("elif", "else", "endif"))
               ^^^^^^^^^^^^^^^^^^^^^^^^^^^^^^^^^^^^^^^
  File "C:\Users\Splas\PycharmProjects\pythonProject12\NewsPortal\venv\Lib\site-packages\django\template\base.py", line 504, in parse
    self.invalid_block_tag(token, command, parse_until)
  File "C:\Users\Splas\PycharmProjects\pythonProject12\NewsPortal\venv\Lib\site-packages\django\template\base.py", line 555, in invalid_block_tag
    raise self.error(
django.template.exceptions.TemplateSyntaxError: Invalid block tag on line 21: 'trans', expected 'elif', 'else' or 'endif'. Did you forget to register or load this tag?
15.04.2024 17-32-15 ERROR "GET /home/news/search/ HTTP/1.1" 500 240579 C:\Users\Splas\PycharmProjects\pythonProject12\NewsPortal\venv\Lib\site-packages\django\core\servers\basehttp.py None
15.04.2024 17-32-17 ERROR Internal Server Error: /home/news/search/ C:\Users\Splas\PycharmProjects\pythonProject12\NewsPortal\venv\Lib\site-packages\django\utils\log.py (<class 'django.template.exceptions.TemplateSyntaxError'>, TemplateSyntaxError("Invalid block tag on line 21: 'trans', expected 'elif', 'else' or 'endif'. Did you forget to register or load this tag?"), <traceback object at 0x00000183A0B94700>)
Traceback (most recent call last):
  File "C:\Users\Splas\PycharmProjects\pythonProject12\NewsPortal\venv\Lib\site-packages\django\template\base.py", line 502, in parse
    compile_func = self.tags[command]
                   ~~~~~~~~~^^^^^^^^^
KeyError: 'trans'

During handling of the above exception, another exception occurred:

Traceback (most recent call last):
  File "C:\Users\Splas\PycharmProjects\pythonProject12\NewsPortal\venv\Lib\site-packages\django\core\handlers\exception.py", line 55, in inner
    response = get_response(request)
               ^^^^^^^^^^^^^^^^^^^^^
  File "C:\Users\Splas\PycharmProjects\pythonProject12\NewsPortal\venv\Lib\site-packages\django\core\handlers\base.py", line 220, in _get_response
    response = response.render()
               ^^^^^^^^^^^^^^^^^
  File "C:\Users\Splas\PycharmProjects\pythonProject12\NewsPortal\venv\Lib\site-packages\django\template\response.py", line 114, in render
    self.content = self.rendered_content
                   ^^^^^^^^^^^^^^^^^^^^^
  File "C:\Users\Splas\PycharmProjects\pythonProject12\NewsPortal\venv\Lib\site-packages\django\template\response.py", line 90, in rendered_content
    template = self.resolve_template(self.template_name)
               ^^^^^^^^^^^^^^^^^^^^^^^^^^^^^^^^^^^^^^^^^
  File "C:\Users\Splas\PycharmProjects\pythonProject12\NewsPortal\venv\Lib\site-packages\django\template\response.py", line 72, in resolve_template
    return select_template(template, using=self.using)
           ^^^^^^^^^^^^^^^^^^^^^^^^^^^^^^^^^^^^^^^^^^^
  File "C:\Users\Splas\PycharmProjects\pythonProject12\NewsPortal\venv\Lib\site-packages\django\template\loader.py", line 42, in select_template
    return engine.get_template(template_name)
           ^^^^^^^^^^^^^^^^^^^^^^^^^^^^^^^^^^
  File "C:\Users\Splas\PycharmProjects\pythonProject12\NewsPortal\venv\Lib\site-packages\django\template\backends\django.py", line 33, in get_template
    return Template(self.engine.get_template(template_name), self)
                    ^^^^^^^^^^^^^^^^^^^^^^^^^^^^^^^^^^^^^^^
  File "C:\Users\Splas\PycharmProjects\pythonProject12\NewsPortal\venv\Lib\site-packages\django\template\engine.py", line 175, in get_template
    template, origin = self.find_template(template_name)
                       ^^^^^^^^^^^^^^^^^^^^^^^^^^^^^^^^^
  File "C:\Users\Splas\PycharmProjects\pythonProject12\NewsPortal\venv\Lib\site-packages\django\template\engine.py", line 157, in find_template
    template = loader.get_template(name, skip=skip)
               ^^^^^^^^^^^^^^^^^^^^^^^^^^^^^^^^^^^^
  File "C:\Users\Splas\PycharmProjects\pythonProject12\NewsPortal\venv\Lib\site-packages\django\template\loaders\cached.py", line 57, in get_template
    template = super().get_template(template_name, skip)
               ^^^^^^^^^^^^^^^^^^^^^^^^^^^^^^^^^^^^^^^^^
  File "C:\Users\Splas\PycharmProjects\pythonProject12\NewsPortal\venv\Lib\site-packages\django\template\loaders\base.py", line 28, in get_template
    return Template(
           ^^^^^^^^^
  File "C:\Users\Splas\PycharmProjects\pythonProject12\NewsPortal\venv\Lib\site-packages\django\template\base.py", line 154, in __init__
    self.nodelist = self.compile_nodelist()
                    ^^^^^^^^^^^^^^^^^^^^^^^
  File "C:\Users\Splas\PycharmProjects\pythonProject12\NewsPortal\venv\Lib\site-packages\django\template\base.py", line 196, in compile_nodelist
    return parser.parse()
           ^^^^^^^^^^^^^^
  File "C:\Users\Splas\PycharmProjects\pythonProject12\NewsPortal\venv\Lib\site-packages\django\template\base.py", line 510, in parse
    raise self.error(token, e)
  File "C:\Users\Splas\PycharmProjects\pythonProject12\NewsPortal\venv\Lib\site-packages\django\template\base.py", line 508, in parse
    compiled_result = compile_func(self, token)
                      ^^^^^^^^^^^^^^^^^^^^^^^^^
  File "C:\Users\Splas\PycharmProjects\pythonProject12\NewsPortal\venv\Lib\site-packages\django\template\loader_tags.py", line 295, in do_extends
    nodelist = parser.parse()
               ^^^^^^^^^^^^^^
  File "C:\Users\Splas\PycharmProjects\pythonProject12\NewsPortal\venv\Lib\site-packages\django\template\base.py", line 510, in parse
    raise self.error(token, e)
  File "C:\Users\Splas\PycharmProjects\pythonProject12\NewsPortal\venv\Lib\site-packages\django\template\base.py", line 508, in parse
    compiled_result = compile_func(self, token)
                      ^^^^^^^^^^^^^^^^^^^^^^^^^
  File "C:\Users\Splas\PycharmProjects\pythonProject12\NewsPortal\venv\Lib\site-packages\django\template\loader_tags.py", line 234, in do_block
    nodelist = parser.parse(("endblock",))
               ^^^^^^^^^^^^^^^^^^^^^^^^^^^
  File "C:\Users\Splas\PycharmProjects\pythonProject12\NewsPortal\venv\Lib\site-packages\django\template\base.py", line 510, in parse
    raise self.error(token, e)
  File "C:\Users\Splas\PycharmProjects\pythonProject12\NewsPortal\venv\Lib\site-packages\django\template\base.py", line 508, in parse
    compiled_result = compile_func(self, token)
                      ^^^^^^^^^^^^^^^^^^^^^^^^^
  File "C:\Users\Splas\PycharmProjects\pythonProject12\NewsPortal\venv\Lib\site-packages\django\template\defaulttags.py", line 960, in do_if
    nodelist = parser.parse(("elif", "else", "endif"))
               ^^^^^^^^^^^^^^^^^^^^^^^^^^^^^^^^^^^^^^^
  File "C:\Users\Splas\PycharmProjects\pythonProject12\NewsPortal\venv\Lib\site-packages\django\template\base.py", line 504, in parse
    self.invalid_block_tag(token, command, parse_until)
  File "C:\Users\Splas\PycharmProjects\pythonProject12\NewsPortal\venv\Lib\site-packages\django\template\base.py", line 555, in invalid_block_tag
    raise self.error(
django.template.exceptions.TemplateSyntaxError: Invalid block tag on line 21: 'trans', expected 'elif', 'else' or 'endif'. Did you forget to register or load this tag?
15.04.2024 17-32-17 ERROR "GET /home/news/search/ HTTP/1.1" 500 240579 C:\Users\Splas\PycharmProjects\pythonProject12\NewsPortal\venv\Lib\site-packages\django\core\servers\basehttp.py None
15.04.2024 17-37-25 ERROR Internal Server Error: /home/news/search/ C:\Users\Splas\PycharmProjects\pythonProject12\NewsPortal\venv\Lib\site-packages\django\utils\log.py (<class 'django.template.exceptions.TemplateSyntaxError'>, TemplateSyntaxError("Invalid block tag on line 9: 'trans', expected 'endblock'. Did you forget to register or load this tag?"), <traceback object at 0x00000183A0E36880>)
Traceback (most recent call last):
  File "C:\Users\Splas\PycharmProjects\pythonProject12\NewsPortal\venv\Lib\site-packages\django\template\base.py", line 502, in parse
    compile_func = self.tags[command]
                   ~~~~~~~~~^^^^^^^^^
KeyError: 'trans'

During handling of the above exception, another exception occurred:

Traceback (most recent call last):
  File "C:\Users\Splas\PycharmProjects\pythonProject12\NewsPortal\venv\Lib\site-packages\django\core\handlers\exception.py", line 55, in inner
    response = get_response(request)
               ^^^^^^^^^^^^^^^^^^^^^
  File "C:\Users\Splas\PycharmProjects\pythonProject12\NewsPortal\venv\Lib\site-packages\django\core\handlers\base.py", line 220, in _get_response
    response = response.render()
               ^^^^^^^^^^^^^^^^^
  File "C:\Users\Splas\PycharmProjects\pythonProject12\NewsPortal\venv\Lib\site-packages\django\template\response.py", line 114, in render
    self.content = self.rendered_content
                   ^^^^^^^^^^^^^^^^^^^^^
  File "C:\Users\Splas\PycharmProjects\pythonProject12\NewsPortal\venv\Lib\site-packages\django\template\response.py", line 90, in rendered_content
    template = self.resolve_template(self.template_name)
               ^^^^^^^^^^^^^^^^^^^^^^^^^^^^^^^^^^^^^^^^^
  File "C:\Users\Splas\PycharmProjects\pythonProject12\NewsPortal\venv\Lib\site-packages\django\template\response.py", line 72, in resolve_template
    return select_template(template, using=self.using)
           ^^^^^^^^^^^^^^^^^^^^^^^^^^^^^^^^^^^^^^^^^^^
  File "C:\Users\Splas\PycharmProjects\pythonProject12\NewsPortal\venv\Lib\site-packages\django\template\loader.py", line 42, in select_template
    return engine.get_template(template_name)
           ^^^^^^^^^^^^^^^^^^^^^^^^^^^^^^^^^^
  File "C:\Users\Splas\PycharmProjects\pythonProject12\NewsPortal\venv\Lib\site-packages\django\template\backends\django.py", line 33, in get_template
    return Template(self.engine.get_template(template_name), self)
                    ^^^^^^^^^^^^^^^^^^^^^^^^^^^^^^^^^^^^^^^
  File "C:\Users\Splas\PycharmProjects\pythonProject12\NewsPortal\venv\Lib\site-packages\django\template\engine.py", line 175, in get_template
    template, origin = self.find_template(template_name)
                       ^^^^^^^^^^^^^^^^^^^^^^^^^^^^^^^^^
  File "C:\Users\Splas\PycharmProjects\pythonProject12\NewsPortal\venv\Lib\site-packages\django\template\engine.py", line 157, in find_template
    template = loader.get_template(name, skip=skip)
               ^^^^^^^^^^^^^^^^^^^^^^^^^^^^^^^^^^^^
  File "C:\Users\Splas\PycharmProjects\pythonProject12\NewsPortal\venv\Lib\site-packages\django\template\loaders\cached.py", line 57, in get_template
    template = super().get_template(template_name, skip)
               ^^^^^^^^^^^^^^^^^^^^^^^^^^^^^^^^^^^^^^^^^
  File "C:\Users\Splas\PycharmProjects\pythonProject12\NewsPortal\venv\Lib\site-packages\django\template\loaders\base.py", line 28, in get_template
    return Template(
           ^^^^^^^^^
  File "C:\Users\Splas\PycharmProjects\pythonProject12\NewsPortal\venv\Lib\site-packages\django\template\base.py", line 154, in __init__
    self.nodelist = self.compile_nodelist()
                    ^^^^^^^^^^^^^^^^^^^^^^^
  File "C:\Users\Splas\PycharmProjects\pythonProject12\NewsPortal\venv\Lib\site-packages\django\template\base.py", line 196, in compile_nodelist
    return parser.parse()
           ^^^^^^^^^^^^^^
  File "C:\Users\Splas\PycharmProjects\pythonProject12\NewsPortal\venv\Lib\site-packages\django\template\base.py", line 510, in parse
    raise self.error(token, e)
  File "C:\Users\Splas\PycharmProjects\pythonProject12\NewsPortal\venv\Lib\site-packages\django\template\base.py", line 508, in parse
    compiled_result = compile_func(self, token)
                      ^^^^^^^^^^^^^^^^^^^^^^^^^
  File "C:\Users\Splas\PycharmProjects\pythonProject12\NewsPortal\venv\Lib\site-packages\django\template\loader_tags.py", line 295, in do_extends
    nodelist = parser.parse()
               ^^^^^^^^^^^^^^
  File "C:\Users\Splas\PycharmProjects\pythonProject12\NewsPortal\venv\Lib\site-packages\django\template\base.py", line 510, in parse
    raise self.error(token, e)
  File "C:\Users\Splas\PycharmProjects\pythonProject12\NewsPortal\venv\Lib\site-packages\django\template\base.py", line 508, in parse
    compiled_result = compile_func(self, token)
                      ^^^^^^^^^^^^^^^^^^^^^^^^^
  File "C:\Users\Splas\PycharmProjects\pythonProject12\NewsPortal\venv\Lib\site-packages\django\template\loader_tags.py", line 234, in do_block
    nodelist = parser.parse(("endblock",))
               ^^^^^^^^^^^^^^^^^^^^^^^^^^^
  File "C:\Users\Splas\PycharmProjects\pythonProject12\NewsPortal\venv\Lib\site-packages\django\template\base.py", line 504, in parse
    self.invalid_block_tag(token, command, parse_until)
  File "C:\Users\Splas\PycharmProjects\pythonProject12\NewsPortal\venv\Lib\site-packages\django\template\base.py", line 555, in invalid_block_tag
    raise self.error(
django.template.exceptions.TemplateSyntaxError: Invalid block tag on line 9: 'trans', expected 'endblock'. Did you forget to register or load this tag?
15.04.2024 17-37-25 ERROR "GET /home/news/search/ HTTP/1.1" 500 216150 C:\Users\Splas\PycharmProjects\pythonProject12\NewsPortal\venv\Lib\site-packages\django\core\servers\basehttp.py None
15.04.2024 17-39-40 ERROR Internal Server Error: /home/news/search/ C:\Users\Splas\PycharmProjects\pythonProject12\NewsPortal\venv\Lib\site-packages\django\utils\log.py (<class 'django.template.exceptions.TemplateSyntaxError'>, TemplateSyntaxError("<ExtendsNode: extends 'default.html'> must be the first tag in the template."), <traceback object at 0x00000291EF93BA40>)
Traceback (most recent call last):
  File "C:\Users\Splas\PycharmProjects\pythonProject12\NewsPortal\venv\Lib\site-packages\django\core\handlers\exception.py", line 55, in inner
    response = get_response(request)
               ^^^^^^^^^^^^^^^^^^^^^
  File "C:\Users\Splas\PycharmProjects\pythonProject12\NewsPortal\venv\Lib\site-packages\django\core\handlers\base.py", line 220, in _get_response
    response = response.render()
               ^^^^^^^^^^^^^^^^^
  File "C:\Users\Splas\PycharmProjects\pythonProject12\NewsPortal\venv\Lib\site-packages\django\template\response.py", line 114, in render
    self.content = self.rendered_content
                   ^^^^^^^^^^^^^^^^^^^^^
  File "C:\Users\Splas\PycharmProjects\pythonProject12\NewsPortal\venv\Lib\site-packages\django\template\response.py", line 90, in rendered_content
    template = self.resolve_template(self.template_name)
               ^^^^^^^^^^^^^^^^^^^^^^^^^^^^^^^^^^^^^^^^^
  File "C:\Users\Splas\PycharmProjects\pythonProject12\NewsPortal\venv\Lib\site-packages\django\template\response.py", line 72, in resolve_template
    return select_template(template, using=self.using)
           ^^^^^^^^^^^^^^^^^^^^^^^^^^^^^^^^^^^^^^^^^^^
  File "C:\Users\Splas\PycharmProjects\pythonProject12\NewsPortal\venv\Lib\site-packages\django\template\loader.py", line 42, in select_template
    return engine.get_template(template_name)
           ^^^^^^^^^^^^^^^^^^^^^^^^^^^^^^^^^^
  File "C:\Users\Splas\PycharmProjects\pythonProject12\NewsPortal\venv\Lib\site-packages\django\template\backends\django.py", line 33, in get_template
    return Template(self.engine.get_template(template_name), self)
                    ^^^^^^^^^^^^^^^^^^^^^^^^^^^^^^^^^^^^^^^
  File "C:\Users\Splas\PycharmProjects\pythonProject12\NewsPortal\venv\Lib\site-packages\django\template\engine.py", line 175, in get_template
    template, origin = self.find_template(template_name)
                       ^^^^^^^^^^^^^^^^^^^^^^^^^^^^^^^^^
  File "C:\Users\Splas\PycharmProjects\pythonProject12\NewsPortal\venv\Lib\site-packages\django\template\engine.py", line 157, in find_template
    template = loader.get_template(name, skip=skip)
               ^^^^^^^^^^^^^^^^^^^^^^^^^^^^^^^^^^^^
  File "C:\Users\Splas\PycharmProjects\pythonProject12\NewsPortal\venv\Lib\site-packages\django\template\loaders\cached.py", line 57, in get_template
    template = super().get_template(template_name, skip)
               ^^^^^^^^^^^^^^^^^^^^^^^^^^^^^^^^^^^^^^^^^
  File "C:\Users\Splas\PycharmProjects\pythonProject12\NewsPortal\venv\Lib\site-packages\django\template\loaders\base.py", line 28, in get_template
    return Template(
           ^^^^^^^^^
  File "C:\Users\Splas\PycharmProjects\pythonProject12\NewsPortal\venv\Lib\site-packages\django\template\base.py", line 154, in __init__
    self.nodelist = self.compile_nodelist()
                    ^^^^^^^^^^^^^^^^^^^^^^^
  File "C:\Users\Splas\PycharmProjects\pythonProject12\NewsPortal\venv\Lib\site-packages\django\template\base.py", line 196, in compile_nodelist
    return parser.parse()
           ^^^^^^^^^^^^^^
  File "C:\Users\Splas\PycharmProjects\pythonProject12\NewsPortal\venv\Lib\site-packages\django\template\base.py", line 511, in parse
    self.extend_nodelist(nodelist, compiled_result, token)
  File "C:\Users\Splas\PycharmProjects\pythonProject12\NewsPortal\venv\Lib\site-packages\django\template\base.py", line 528, in extend_nodelist
    raise self.error(
django.template.exceptions.TemplateSyntaxError: <ExtendsNode: extends 'default.html'> must be the first tag in the template.
15.04.2024 17-39-40 ERROR "GET /home/news/search/ HTTP/1.1" 500 145025 C:\Users\Splas\PycharmProjects\pythonProject12\NewsPortal\venv\Lib\site-packages\django\core\servers\basehttp.py None
15.04.2024 17-39-41 ERROR Internal Server Error: /home/news/search/ C:\Users\Splas\PycharmProjects\pythonProject12\NewsPortal\venv\Lib\site-packages\django\utils\log.py (<class 'django.template.exceptions.TemplateSyntaxError'>, TemplateSyntaxError("<ExtendsNode: extends 'default.html'> must be the first tag in the template."), <traceback object at 0x00000291EFC5DD80>)
Traceback (most recent call last):
  File "C:\Users\Splas\PycharmProjects\pythonProject12\NewsPortal\venv\Lib\site-packages\django\core\handlers\exception.py", line 55, in inner
    response = get_response(request)
               ^^^^^^^^^^^^^^^^^^^^^
  File "C:\Users\Splas\PycharmProjects\pythonProject12\NewsPortal\venv\Lib\site-packages\django\core\handlers\base.py", line 220, in _get_response
    response = response.render()
               ^^^^^^^^^^^^^^^^^
  File "C:\Users\Splas\PycharmProjects\pythonProject12\NewsPortal\venv\Lib\site-packages\django\template\response.py", line 114, in render
    self.content = self.rendered_content
                   ^^^^^^^^^^^^^^^^^^^^^
  File "C:\Users\Splas\PycharmProjects\pythonProject12\NewsPortal\venv\Lib\site-packages\django\template\response.py", line 90, in rendered_content
    template = self.resolve_template(self.template_name)
               ^^^^^^^^^^^^^^^^^^^^^^^^^^^^^^^^^^^^^^^^^
  File "C:\Users\Splas\PycharmProjects\pythonProject12\NewsPortal\venv\Lib\site-packages\django\template\response.py", line 72, in resolve_template
    return select_template(template, using=self.using)
           ^^^^^^^^^^^^^^^^^^^^^^^^^^^^^^^^^^^^^^^^^^^
  File "C:\Users\Splas\PycharmProjects\pythonProject12\NewsPortal\venv\Lib\site-packages\django\template\loader.py", line 42, in select_template
    return engine.get_template(template_name)
           ^^^^^^^^^^^^^^^^^^^^^^^^^^^^^^^^^^
  File "C:\Users\Splas\PycharmProjects\pythonProject12\NewsPortal\venv\Lib\site-packages\django\template\backends\django.py", line 33, in get_template
    return Template(self.engine.get_template(template_name), self)
                    ^^^^^^^^^^^^^^^^^^^^^^^^^^^^^^^^^^^^^^^
  File "C:\Users\Splas\PycharmProjects\pythonProject12\NewsPortal\venv\Lib\site-packages\django\template\engine.py", line 175, in get_template
    template, origin = self.find_template(template_name)
                       ^^^^^^^^^^^^^^^^^^^^^^^^^^^^^^^^^
  File "C:\Users\Splas\PycharmProjects\pythonProject12\NewsPortal\venv\Lib\site-packages\django\template\engine.py", line 157, in find_template
    template = loader.get_template(name, skip=skip)
               ^^^^^^^^^^^^^^^^^^^^^^^^^^^^^^^^^^^^
  File "C:\Users\Splas\PycharmProjects\pythonProject12\NewsPortal\venv\Lib\site-packages\django\template\loaders\cached.py", line 57, in get_template
    template = super().get_template(template_name, skip)
               ^^^^^^^^^^^^^^^^^^^^^^^^^^^^^^^^^^^^^^^^^
  File "C:\Users\Splas\PycharmProjects\pythonProject12\NewsPortal\venv\Lib\site-packages\django\template\loaders\base.py", line 28, in get_template
    return Template(
           ^^^^^^^^^
  File "C:\Users\Splas\PycharmProjects\pythonProject12\NewsPortal\venv\Lib\site-packages\django\template\base.py", line 154, in __init__
    self.nodelist = self.compile_nodelist()
                    ^^^^^^^^^^^^^^^^^^^^^^^
  File "C:\Users\Splas\PycharmProjects\pythonProject12\NewsPortal\venv\Lib\site-packages\django\template\base.py", line 196, in compile_nodelist
    return parser.parse()
           ^^^^^^^^^^^^^^
  File "C:\Users\Splas\PycharmProjects\pythonProject12\NewsPortal\venv\Lib\site-packages\django\template\base.py", line 511, in parse
    self.extend_nodelist(nodelist, compiled_result, token)
  File "C:\Users\Splas\PycharmProjects\pythonProject12\NewsPortal\venv\Lib\site-packages\django\template\base.py", line 528, in extend_nodelist
    raise self.error(
django.template.exceptions.TemplateSyntaxError: <ExtendsNode: extends 'default.html'> must be the first tag in the template.
15.04.2024 17-39-41 ERROR "GET /home/news/search/ HTTP/1.1" 500 145025 C:\Users\Splas\PycharmProjects\pythonProject12\NewsPortal\venv\Lib\site-packages\django\core\servers\basehttp.py None
15.04.2024 17-39-41 ERROR Internal Server Error: /home/news/search/ C:\Users\Splas\PycharmProjects\pythonProject12\NewsPortal\venv\Lib\site-packages\django\utils\log.py (<class 'django.template.exceptions.TemplateSyntaxError'>, TemplateSyntaxError("<ExtendsNode: extends 'default.html'> must be the first tag in the template."), <traceback object at 0x00000291EFD0F480>)
Traceback (most recent call last):
  File "C:\Users\Splas\PycharmProjects\pythonProject12\NewsPortal\venv\Lib\site-packages\django\core\handlers\exception.py", line 55, in inner
    response = get_response(request)
               ^^^^^^^^^^^^^^^^^^^^^
  File "C:\Users\Splas\PycharmProjects\pythonProject12\NewsPortal\venv\Lib\site-packages\django\core\handlers\base.py", line 220, in _get_response
    response = response.render()
               ^^^^^^^^^^^^^^^^^
  File "C:\Users\Splas\PycharmProjects\pythonProject12\NewsPortal\venv\Lib\site-packages\django\template\response.py", line 114, in render
    self.content = self.rendered_content
                   ^^^^^^^^^^^^^^^^^^^^^
  File "C:\Users\Splas\PycharmProjects\pythonProject12\NewsPortal\venv\Lib\site-packages\django\template\response.py", line 90, in rendered_content
    template = self.resolve_template(self.template_name)
               ^^^^^^^^^^^^^^^^^^^^^^^^^^^^^^^^^^^^^^^^^
  File "C:\Users\Splas\PycharmProjects\pythonProject12\NewsPortal\venv\Lib\site-packages\django\template\response.py", line 72, in resolve_template
    return select_template(template, using=self.using)
           ^^^^^^^^^^^^^^^^^^^^^^^^^^^^^^^^^^^^^^^^^^^
  File "C:\Users\Splas\PycharmProjects\pythonProject12\NewsPortal\venv\Lib\site-packages\django\template\loader.py", line 42, in select_template
    return engine.get_template(template_name)
           ^^^^^^^^^^^^^^^^^^^^^^^^^^^^^^^^^^
  File "C:\Users\Splas\PycharmProjects\pythonProject12\NewsPortal\venv\Lib\site-packages\django\template\backends\django.py", line 33, in get_template
    return Template(self.engine.get_template(template_name), self)
                    ^^^^^^^^^^^^^^^^^^^^^^^^^^^^^^^^^^^^^^^
  File "C:\Users\Splas\PycharmProjects\pythonProject12\NewsPortal\venv\Lib\site-packages\django\template\engine.py", line 175, in get_template
    template, origin = self.find_template(template_name)
                       ^^^^^^^^^^^^^^^^^^^^^^^^^^^^^^^^^
  File "C:\Users\Splas\PycharmProjects\pythonProject12\NewsPortal\venv\Lib\site-packages\django\template\engine.py", line 157, in find_template
    template = loader.get_template(name, skip=skip)
               ^^^^^^^^^^^^^^^^^^^^^^^^^^^^^^^^^^^^
  File "C:\Users\Splas\PycharmProjects\pythonProject12\NewsPortal\venv\Lib\site-packages\django\template\loaders\cached.py", line 57, in get_template
    template = super().get_template(template_name, skip)
               ^^^^^^^^^^^^^^^^^^^^^^^^^^^^^^^^^^^^^^^^^
  File "C:\Users\Splas\PycharmProjects\pythonProject12\NewsPortal\venv\Lib\site-packages\django\template\loaders\base.py", line 28, in get_template
    return Template(
           ^^^^^^^^^
  File "C:\Users\Splas\PycharmProjects\pythonProject12\NewsPortal\venv\Lib\site-packages\django\template\base.py", line 154, in __init__
    self.nodelist = self.compile_nodelist()
                    ^^^^^^^^^^^^^^^^^^^^^^^
  File "C:\Users\Splas\PycharmProjects\pythonProject12\NewsPortal\venv\Lib\site-packages\django\template\base.py", line 196, in compile_nodelist
    return parser.parse()
           ^^^^^^^^^^^^^^
  File "C:\Users\Splas\PycharmProjects\pythonProject12\NewsPortal\venv\Lib\site-packages\django\template\base.py", line 511, in parse
    self.extend_nodelist(nodelist, compiled_result, token)
  File "C:\Users\Splas\PycharmProjects\pythonProject12\NewsPortal\venv\Lib\site-packages\django\template\base.py", line 528, in extend_nodelist
    raise self.error(
django.template.exceptions.TemplateSyntaxError: <ExtendsNode: extends 'default.html'> must be the first tag in the template.
15.04.2024 17-39-41 ERROR "GET /home/news/search/ HTTP/1.1" 500 145025 C:\Users\Splas\PycharmProjects\pythonProject12\NewsPortal\venv\Lib\site-packages\django\core\servers\basehttp.py None
15.04.2024 17-53-13 ERROR "GET /home/categories/1 HTTP/1.1" 500 233492 C:\Users\Splas\PycharmProjects\pythonProject12\NewsPortal\venv\Lib\site-packages\django\core\servers\basehttp.py None
15.04.2024 17-53-48 ERROR "GET /home/categories/6 HTTP/1.1" 500 233492 C:\Users\Splas\PycharmProjects\pythonProject12\NewsPortal\venv\Lib\site-packages\django\core\servers\basehttp.py None
15.04.2024 17-53-49 ERROR "GET /home/categories/1 HTTP/1.1" 500 233492 C:\Users\Splas\PycharmProjects\pythonProject12\NewsPortal\venv\Lib\site-packages\django\core\servers\basehttp.py None
15.04.2024 17-56-42 ERROR "GET /home/categories/1 HTTP/1.1" 500 233894 C:\Users\Splas\PycharmProjects\pythonProject12\NewsPortal\venv\Lib\site-packages\django\core\servers\basehttp.py None
15.04.2024 17-56-45 ERROR "GET /home/categories/1 HTTP/1.1" 500 233894 C:\Users\Splas\PycharmProjects\pythonProject12\NewsPortal\venv\Lib\site-packages\django\core\servers\basehttp.py None
15.04.2024 17-58-36 ERROR Internal Server Error: /home/news/ C:\Users\Splas\PycharmProjects\pythonProject12\NewsPortal\venv\Lib\site-packages\django\utils\log.py (<class 'django.template.exceptions.TemplateSyntaxError'>, TemplateSyntaxError("Invalid block tag on line 7: 'trans', expected 'elif', 'else' or 'endif'. Did you forget to register or load this tag?"), <traceback object at 0x00000195326CC940>)
Traceback (most recent call last):
  File "C:\Users\Splas\PycharmProjects\pythonProject12\NewsPortal\venv\Lib\site-packages\django\template\base.py", line 502, in parse
    compile_func = self.tags[command]
                   ~~~~~~~~~^^^^^^^^^
KeyError: 'trans'

During handling of the above exception, another exception occurred:

Traceback (most recent call last):
  File "C:\Users\Splas\PycharmProjects\pythonProject12\NewsPortal\venv\Lib\site-packages\django\core\handlers\exception.py", line 55, in inner
    response = get_response(request)
               ^^^^^^^^^^^^^^^^^^^^^
  File "C:\Users\Splas\PycharmProjects\pythonProject12\NewsPortal\venv\Lib\site-packages\django\core\handlers\base.py", line 220, in _get_response
    response = response.render()
               ^^^^^^^^^^^^^^^^^
  File "C:\Users\Splas\PycharmProjects\pythonProject12\NewsPortal\venv\Lib\site-packages\django\template\response.py", line 114, in render
    self.content = self.rendered_content
                   ^^^^^^^^^^^^^^^^^^^^^
  File "C:\Users\Splas\PycharmProjects\pythonProject12\NewsPortal\venv\Lib\site-packages\django\template\response.py", line 90, in rendered_content
    template = self.resolve_template(self.template_name)
               ^^^^^^^^^^^^^^^^^^^^^^^^^^^^^^^^^^^^^^^^^
  File "C:\Users\Splas\PycharmProjects\pythonProject12\NewsPortal\venv\Lib\site-packages\django\template\response.py", line 72, in resolve_template
    return select_template(template, using=self.using)
           ^^^^^^^^^^^^^^^^^^^^^^^^^^^^^^^^^^^^^^^^^^^
  File "C:\Users\Splas\PycharmProjects\pythonProject12\NewsPortal\venv\Lib\site-packages\django\template\loader.py", line 42, in select_template
    return engine.get_template(template_name)
           ^^^^^^^^^^^^^^^^^^^^^^^^^^^^^^^^^^
  File "C:\Users\Splas\PycharmProjects\pythonProject12\NewsPortal\venv\Lib\site-packages\django\template\backends\django.py", line 33, in get_template
    return Template(self.engine.get_template(template_name), self)
                    ^^^^^^^^^^^^^^^^^^^^^^^^^^^^^^^^^^^^^^^
  File "C:\Users\Splas\PycharmProjects\pythonProject12\NewsPortal\venv\Lib\site-packages\django\template\engine.py", line 175, in get_template
    template, origin = self.find_template(template_name)
                       ^^^^^^^^^^^^^^^^^^^^^^^^^^^^^^^^^
  File "C:\Users\Splas\PycharmProjects\pythonProject12\NewsPortal\venv\Lib\site-packages\django\template\engine.py", line 157, in find_template
    template = loader.get_template(name, skip=skip)
               ^^^^^^^^^^^^^^^^^^^^^^^^^^^^^^^^^^^^
  File "C:\Users\Splas\PycharmProjects\pythonProject12\NewsPortal\venv\Lib\site-packages\django\template\loaders\cached.py", line 57, in get_template
    template = super().get_template(template_name, skip)
               ^^^^^^^^^^^^^^^^^^^^^^^^^^^^^^^^^^^^^^^^^
  File "C:\Users\Splas\PycharmProjects\pythonProject12\NewsPortal\venv\Lib\site-packages\django\template\loaders\base.py", line 28, in get_template
    return Template(
           ^^^^^^^^^
  File "C:\Users\Splas\PycharmProjects\pythonProject12\NewsPortal\venv\Lib\site-packages\django\template\base.py", line 154, in __init__
    self.nodelist = self.compile_nodelist()
                    ^^^^^^^^^^^^^^^^^^^^^^^
  File "C:\Users\Splas\PycharmProjects\pythonProject12\NewsPortal\venv\Lib\site-packages\django\template\base.py", line 196, in compile_nodelist
    return parser.parse()
           ^^^^^^^^^^^^^^
  File "C:\Users\Splas\PycharmProjects\pythonProject12\NewsPortal\venv\Lib\site-packages\django\template\base.py", line 510, in parse
    raise self.error(token, e)
  File "C:\Users\Splas\PycharmProjects\pythonProject12\NewsPortal\venv\Lib\site-packages\django\template\base.py", line 508, in parse
    compiled_result = compile_func(self, token)
                      ^^^^^^^^^^^^^^^^^^^^^^^^^
  File "C:\Users\Splas\PycharmProjects\pythonProject12\NewsPortal\venv\Lib\site-packages\django\template\loader_tags.py", line 295, in do_extends
    nodelist = parser.parse()
               ^^^^^^^^^^^^^^
  File "C:\Users\Splas\PycharmProjects\pythonProject12\NewsPortal\venv\Lib\site-packages\django\template\base.py", line 510, in parse
    raise self.error(token, e)
  File "C:\Users\Splas\PycharmProjects\pythonProject12\NewsPortal\venv\Lib\site-packages\django\template\base.py", line 508, in parse
    compiled_result = compile_func(self, token)
                      ^^^^^^^^^^^^^^^^^^^^^^^^^
  File "C:\Users\Splas\PycharmProjects\pythonProject12\NewsPortal\venv\Lib\site-packages\django\template\loader_tags.py", line 234, in do_block
    nodelist = parser.parse(("endblock",))
               ^^^^^^^^^^^^^^^^^^^^^^^^^^^
  File "C:\Users\Splas\PycharmProjects\pythonProject12\NewsPortal\venv\Lib\site-packages\django\template\base.py", line 510, in parse
    raise self.error(token, e)
  File "C:\Users\Splas\PycharmProjects\pythonProject12\NewsPortal\venv\Lib\site-packages\django\template\base.py", line 508, in parse
    compiled_result = compile_func(self, token)
                      ^^^^^^^^^^^^^^^^^^^^^^^^^
  File "C:\Users\Splas\PycharmProjects\pythonProject12\NewsPortal\venv\Lib\site-packages\django\template\defaulttags.py", line 960, in do_if
    nodelist = parser.parse(("elif", "else", "endif"))
               ^^^^^^^^^^^^^^^^^^^^^^^^^^^^^^^^^^^^^^^
  File "C:\Users\Splas\PycharmProjects\pythonProject12\NewsPortal\venv\Lib\site-packages\django\template\base.py", line 504, in parse
    self.invalid_block_tag(token, command, parse_until)
  File "C:\Users\Splas\PycharmProjects\pythonProject12\NewsPortal\venv\Lib\site-packages\django\template\base.py", line 555, in invalid_block_tag
    raise self.error(
django.template.exceptions.TemplateSyntaxError: Invalid block tag on line 7: 'trans', expected 'elif', 'else' or 'endif'. Did you forget to register or load this tag?
15.04.2024 17-58-36 ERROR "GET /home/news/ HTTP/1.1" 500 242586 C:\Users\Splas\PycharmProjects\pythonProject12\NewsPortal\venv\Lib\site-packages\django\core\servers\basehttp.py None
